Arguments: 
  /root/.node/node/node /root/.node/node/yarn/dist/bin/yarn.js install

PATH: 
  /root/.node/node:/root/.node/node/yarn/dist/bin:/usr/local/sbin:/usr/local/bin:/usr/sbin:/usr/bin:/sbin:/bin:/usr/games:/usr/local/games:/mnt/c/ProgramData/Oracle/Java/javapath_target_420055890:/mnt/c/Program Files (x86)/Intel/iCLS Client:/mnt/c/Program Files/Intel/iCLS Client:/mnt/c/Windows/System32:/mnt/c/Windows:/mnt/c/Windows/System32/wbem:/mnt/c/Windows/System32/WindowsPowerShell/v1.0:/mnt/c/Program Files (x86)/NVIDIA Corporation/PhysX/Common:/mnt/c/Program Files (x86)/Intel/Intel(R) Management Engine Components/DAL:/mnt/c/Program Files/Intel/Intel(R) Management Engine Components/DAL:/mnt/c/Program Files (x86)/Intel/Intel(R) Management Engine Components/IPT:/mnt/c/Program Files/Intel/Intel(R) Management Engine Components/IPT:/mnt/c/Program Files/Microsoft SQL Server/Client SDK/ODBC/130/Tools/Binn:/mnt/c/Program Files (x86)/Microsoft SQL Server/140/Tools/Binn:/mnt/c/Program Files/Microsoft SQL Server/140/Tools/Binn:/mnt/c/Program Files/Microsoft SQL Server/140/DTS/Binn:/mnt/c/Program Files/Git/cmd:/mnt/c/Windows/System32:/mnt/c/Windows:/mnt/c/Windows/System32/wbem:/mnt/c/Windows/System32/WindowsPowerShell/v1.0:/mnt/c/Program Files/nodejs:/mnt/c/Program Files (x86)/Yarn/bin:/mnt/c/Users/EITS/AppData/Local/Microsoft/WindowsApps:/snap/bin:/usr/lib/jvm/java-8-oracle/bin:/usr/lib/jvm/java-8-oracle/db/bin:/usr/lib/jvm/java-8-oracle/jre/bin:

Yarn version: 
  0.27.5

Node version: 
  8.2.1

Platform: 
  linux x64

npm manifest: 
  {
    "name": "usuario",
    "version": "0.0.0",
    "private": true,
    "scripts": {
    	"start": "ng serve --proxy-config proxy.conf.json",
      "mavenbuild": "node node_modules/.bin/ng build -a usuario --base-href /usuario/"
    },
    "dependencies": {
      "@angular/animations": "^4.3.0",
      "@angular/cdk": "2.0.0-beta.8",
      "@angular/common": "^4.3.0",
      "@angular/compiler": "^4.3.0",
      "@angular/core": "^4.3.0",
      "@angular/forms": "^4.3.0",
      "@angular/http": "^4.3.0",
      "@angular/material": "2.0.0-beta.8",
      "@angular/platform-browser": "^4.3.0",
      "@angular/platform-browser-dynamic": "^4.3.0",
      "@angular/platform-server": "^4.3.0",
      "@angular/router": "^4.3.0",
      "@covalent/core": "1.0.0-beta.6",
      "@ngx-translate/core": "8.0.0",
      "@ngx-translate/http-loader": "1.0.2",
      "@swimlane/ngx-charts": "5.3.1",
      "classlist.js": "^1.1.20150312",
      "core-js": "^2.4.1",
      "d3": "^4.4.0",
      "hammerjs": "^2.0.8",
      "highlight.js": "9.11.0",
      "rxjs": "^5.2.0",
      "showdown": "1.6.4",
      "tslib": "^1.7.1",
      "web-animations-js": "2.3.1",
      "zone.js": "^0.8.17",
      "eits-ng2": "1.1.4"
    },
    "devDependencies": {
      "@angular/cli": "1.4.1",
      "@angular/compiler-cli": "^4.3.0",
      "@types/node": "~6.0.60",
      "ts-node": "^3.0.4",
      "typescript": "~2.4.0"
    }
  }

yarn manifest: 
  No manifest

Lockfile: 
  No lockfile

Trace: 
  Error: EINVAL: invalid argument, lstat '/mnt/c/Users/EITS/Desktop/DesafioEits/Produto/6-Implementacao/Projeto/microservices/functional/usuario/src/main/ts/node_modules/@angular/cli/node_modules/typescript/.npmignore'
