Arguments: 
  C:\Users\EITS\.node\node\node.exe C:\Users\EITS\.node\node\yarn\dist\bin\yarn.js install

PATH: 
  C:\Users\EITS\.node\node;C:\Users\EITS\.node\node\yarn\dist\bin;C:/Program Files/Java/jre1.8.0_144/bin/server;C:/Program Files/Java/jre1.8.0_144/bin;C:/Program Files/Java/jre1.8.0_144/lib/amd64;C:\ProgramData\Oracle\Java\javapath;C:\Program Files (x86)\Intel\iCLS Client\;C:\Program Files\Intel\iCLS Client\;C:\windows\system32;C:\windows;C:\windows\System32\Wbem;C:\windows\System32\WindowsPowerShell\v1.0\;C:\Program Files (x86)\NVIDIA Corporation\PhysX\Common;C:\Program Files (x86)\Intel\Intel(R) Management Engine Components\DAL;C:\Program Files\Intel\Intel(R) Management Engine Components\DAL;C:\Program Files (x86)\Intel\Intel(R) Management Engine Components\IPT;C:\Program Files\Intel\Intel(R) Management Engine Components\IPT;C:\Program Files\Microsoft SQL Server\Client SDK\ODBC\130\Tools\Binn\;C:\Program Files (x86)\Microsoft SQL Server\140\Tools\Binn\;C:\Program Files\Microsoft SQL Server\140\Tools\Binn\;C:\Program Files\Microsoft SQL Server\140\DTS\Binn\;C:\Program Files\Git\cmd;C:\WINDOWS\system32;C:\WINDOWS;C:\WINDOWS\System32\Wbem;C:\WINDOWS\System32\WindowsPowerShell\v1.0\;C:\Program Files\nodejs;C:\Program Files (x86)\Yarn\bin;C:\Program Files\Java\jdk1.8.0_144\bin;C:\Program Files (x86)\apache-maven-3.5.0\bin;C:\Users\EITS\AppData\Local\Microsoft\WindowsApps;C:\Users\EITS\AppData\Local\Yarn\bin;C:\Users\EITS\eclipse\jee-oxygen2\eclipse;;

Yarn version: 
  0.27.5

Node version: 
  8.2.1

Platform: 
  win32 x64

npm manifest: 
  {
    "name": "tarefa",
    "version": "0.1.0",
    "private": true,
    "scripts": {
      "start": "ng serve --proxy-config proxy.conf.json",
      "mavenbuild": "node node_modules/.bin/ng build -a tarefa --base-href /tarefa/"
    },
    "dependencies": {
      "hammerjs": "^2.0.8",
      "@angular/animations": "4.3.6",
      "@angular/common": "4.3.6",
      "@angular/compiler": "4.3.6",
      "@angular/core": "4.3.6",
      "@angular/flex-layout": "2.0.0-beta.8",
      "@angular/forms": "4.3.6",
      "@angular/http": "4.3.6",
      "@angular/material": "2.0.0-beta.8",
      "@angular/cdk": "2.0.0-beta.8",
      "@angular/platform-browser": "4.3.6",
      "@angular/platform-browser-dynamic": "4.3.6",
      "@angular/platform-server": "4.3.6",
      "@angular/router": "4.3.6",
      "@covalent/core": "1.0.0-beta.6",
      "@ngx-translate/core": "7.0.0",
      "@ngx-translate/http-loader": "0.1.0",
      "core-js": "^2.4.1",
      "eits-ng2": "1.1.4",
      "md2": "0.0.25",
      "rxjs": "^5.1.0",
      "zone.js": "^0.8.4"
    },
    "devDependencies": {
      "@angular/cli": "1.4.2",
      "@angular/compiler-cli": "4.3.6",
      "@types/jasmine": "2.5.38",
      "@types/node": "~6.0.60",
      "codelyzer": "~2.0.0",
      "jasmine-core": "~2.5.2",
      "jasmine-spec-reporter": "~3.2.0",
      "karma": "~1.4.1",
      "karma-chrome-launcher": "~2.1.1",
      "karma-cli": "~1.0.1",
      "karma-jasmine": "~1.1.0",
      "karma-jasmine-html-reporter": "^0.2.2",
      "karma-coverage-istanbul-reporter": "^0.2.0",
      "protractor": "~5.1.0",
      "ts-node": "~2.0.0",
      "tslint": "~4.5.0",
      "typescript": "2.4.0"
    }
  }

yarn manifest: 
  No manifest

Lockfile: 
  No lockfile

Trace: 
  Error: write EPIPE
      at exports._errnoException (util.js:1024:11)
      at Socket._writeGeneric (net.js:762:25)
      at Socket._write (net.js:781:8)
      at doWrite (_stream_writable.js:371:12)
      at writeOrBuffer (_stream_writable.js:357:5)
      at Socket.Writable.write (_stream_writable.js:274:11)
      at Socket.write (net.js:699:40)
      at ConsoleReporter._log (C:\Users\EITS\.node\node\yarn\dist\lib\yarn-cli.js:81298:17)
      at ConsoleReporter.log (C:\Users\EITS\.node\node\yarn\dist\lib\yarn-cli.js:81290:10)
      at ConsoleReporter.step (C:\Users\EITS\.node\node\yarn\dist\lib\yarn-cli.js:81243:10)
